2026-04-21T02:41:09Z	2504.12516	ok	20.50	29722	
2026-04-21T02:41:29Z	2601.21912	ok	18.52	62369	
2026-04-21T02:41:54Z	2510.27569	ok	22.75	65703	
2026-04-21T02:42:24Z	2512.04220	ok	28.37	92618	
2026-04-21T02:42:51Z	2508.13009	ok	24.48	57343	
2026-04-21T02:43:53Z	2305.20050	ok	21.29	53927	
2026-04-21T02:44:20Z	2311.12983	ok	24.37	88826	
2026-04-21T02:44:41Z	2312.08935	ok	18.85	51304	
2026-04-21T02:44:59Z	2312.09187	ok	16.38	31563	
2026-04-21T02:45:21Z	2402.03681	ok	19.92	63972	
2026-04-21T02:45:42Z	2402.04764	ok	19.48	77151	
2026-04-21T02:46:08Z	2402.05808	ok	23.50	76206	
2026-04-21T02:46:41Z	2402.12348	ok	31.44	99889	
2026-04-21T02:47:08Z	2403.07718	ok	24.62	78764	
2026-04-21T02:48:06Z	2403.11807	ok	55.74	167302	
2026-04-21T02:49:22Z	2403.13787	ok	74.52	192533	
2026-04-21T02:49:50Z	2404.03648	ok	25.41	65773	
2026-04-21T02:50:45Z	2404.07972	ok	53.31	179920	
2026-04-21T02:51:09Z	2405.03379	ok	21.39	77848	
2026-04-21T02:51:29Z	2406.06485	ok	18.51	47432	
2026-04-21T02:51:53Z	2406.06613	ok	22.10	71459	
2026-04-21T02:52:16Z	2406.12045	ok	20.85	132249	
2026-04-21T02:52:34Z	2408.07199	ok	15.42	70646	
2026-04-21T02:52:53Z	2408.15240	ok	17.71	93119	
2026-04-21T02:53:14Z	2409.19256	ok	19.04	108133	
2026-04-21T02:53:54Z	2410.08821	ok	37.92	130319	
2026-04-21T02:54:13Z	2410.12832	ok	16.85	68076	
2026-04-21T02:54:39Z	2411.02337	ok	23.37	93001	
2026-04-21T02:55:06Z	2411.13543	ok	25.13	104937	
2026-04-21T02:55:24Z	2411.17451	ok	15.71	58900	
2026-04-21T02:55:49Z	2412.06394	ok	23.66	115744	
2026-04-21T02:56:17Z	2412.06559	ok	26.12	88899	
2026-04-21T02:56:43Z	2412.14161	ok	23.79	93735	
2026-04-21T02:57:07Z	2412.19723	ok	21.32	81564	
2026-04-21T02:58:16Z	2501.03124	ok	67.13	330533	
2026-04-21T02:58:59Z	2501.07301	ok	41.43	123804	
2026-04-21T02:59:31Z	2501.09136	ok	29.98	127697	
2026-04-21T02:59:53Z	2501.12599	ok	19.47	91983	
2026-04-21T03:00:41Z	2501.12948	ok	46.73	244808	
2026-04-21T03:01:05Z	2501.15228	ok	21.13	89624	
2026-04-21T03:01:21Z	2501.16664	ok	14.29	39888	
2026-04-21T03:01:46Z	2502.01142	ok	23.18	69417	
2026-04-21T03:02:07Z	2502.04644	ok	19.05	59948	
2026-04-21T03:02:23Z	2502.11886	ok	13.44	23006	
2026-04-21T03:02:47Z	2502.13957	ok	21.94	92107	
2026-04-21T03:03:26Z	2502.15760	ok	37.76	77703	
2026-04-21T03:04:02Z	2503.00223	ok	33.36	150799	
2026-04-21T03:04:25Z	2503.02682	ok	20.64	71004	
2026-04-21T03:04:47Z	2503.05592	ok	20.81	62493	
2026-04-21T03:05:07Z	2503.06580	ok	17.86	62975	
2026-04-21T03:05:34Z	2503.09516	ok	24.76	107777	
2026-04-21T03:05:50Z	2503.14476	ok	14.21	38915	
2026-04-21T03:06:07Z	2503.19470	ok	15.16	45759	
2026-04-21T03:06:35Z	2503.21620	ok	25.44	67556	
2026-04-21T03:07:04Z	2503.22828	ok	27.48	135910	
2026-04-21T03:07:21Z	2503.23383	ok	14.45	33204	
2026-04-21T03:07:39Z	2503.24290	ok	16.37	55325	
2026-04-21T03:09:23Z	2504.02495	ok	101.35	219743	
2026-04-21T03:09:42Z	2504.03160	ok	17.41	59132	
2026-04-21T03:10:11Z	2504.04736	ok	26.40	148418	
2026-04-21T03:10:27Z	2504.05118	ok	14.42	38844	
2026-04-21T03:10:56Z	2504.05812	ok	27.08	67353	
2026-04-21T03:11:19Z	2504.10458	ok	20.63	56304	
2026-04-21T03:11:34Z	2504.11001	ok	13.21	47826	
2026-04-21T03:11:50Z	2504.11343	ok	14.29	42535	
2026-04-21T03:12:07Z	2504.11536	ok	14.57	55503	
2026-04-21T03:12:09Z	2504.12516	skipped	0.00	29722	
2026-04-21T03:12:41Z	2504.13958	ok	30.36	89775	
2026-04-21T03:13:07Z	2504.14239	ok	23.58	69238	
2026-04-21T03:13:37Z	2504.14870	ok	28.01	65827	
2026-04-21T03:14:10Z	2504.15909	ok	31.48	185728	
2026-04-21T03:14:32Z	2504.16084	ok	19.69	67000	
2026-04-21T03:14:52Z	2504.16656	ok	17.59	52919	
2026-04-21T03:15:12Z	2504.17282	ok	17.80	63748	
2026-04-21T03:15:29Z	2504.19314	ok	14.84	46706	
2026-04-21T03:15:50Z	2504.20073	ok	19.83	98167	
2026-04-21T03:16:20Z	2504.21776	ok	27.97	168541	
2026-04-21T03:16:43Z	2505.01441	ok	20.44	132802	
2026-04-21T03:17:20Z	2505.03335	ok	34.73	207859	
2026-04-21T03:17:43Z	2505.04588	ok	21.27	71105	
2026-04-21T03:18:08Z	2505.07596	ok	23.33	93315	
2026-04-21T03:18:30Z	2505.07773	ok	19.33	47197	
2026-04-21T03:18:53Z	2505.09558	ok	21.46	83186	
2026-04-21T03:19:48Z	2505.10527	ok	52.35	133758	
2026-04-21T03:20:12Z	2505.10978	ok	22.88	84877	
2026-04-21T03:20:37Z	2505.11277	ok	22.79	80869	
2026-04-21T03:20:59Z	2505.11821	ok	19.33	87599	
2026-04-21T03:21:57Z	2505.13886	ok	56.81	240122	
2026-04-21T03:22:20Z	2505.14069	ok	20.37	74908	
2026-04-21T03:22:48Z	2505.14146	ok	25.82	102643	
2026-04-21T03:23:14Z	2505.14246	ok	24.00	67986	
2026-04-21T03:23:44Z	2505.14362	ok	28.14	71134	
2026-04-21T03:24:09Z	2505.15107	ok	23.53	67329	
2026-04-21T03:24:43Z	2505.15776	ok	31.41	78789	
2026-04-21T03:25:02Z	2505.16282	ok	17.31	36849	
2026-04-21T03:25:31Z	2505.16410	ok	26.75	147507	
2026-04-21T03:25:56Z	2505.16582	ok	22.98	89092	
2026-04-21T03:26:19Z	2505.16834	ok	21.19	62405	
2026-04-21T03:26:57Z	2505.16984	ok	35.36	74844	
2026-04-21T03:27:18Z	2505.17005	ok	19.50	56679	
2026-04-21T03:27:38Z	2505.17016	ok	18.01	57247	
2026-04-21T03:28:03Z	2505.17086	ok	22.95	99440	
2026-04-21T03:28:22Z	2505.17281	ok	17.03	52382	
2026-04-21T03:28:41Z	2505.18719	ok	16.52	54638	
2026-04-21T03:29:08Z	2505.19253	ok	25.47	107544	
2026-04-21T03:29:35Z	2505.19590	ok	24.27	99651	
2026-04-21T03:29:55Z	2505.19641	ok	18.76	54107	
2026-04-21T03:30:25Z	2505.19789	ok	28.10	76419	
2026-04-21T03:31:07Z	2505.19897	ok	39.18	109745	
2026-04-21T03:31:43Z	2505.19914	ok	34.33	134540	
2026-04-21T03:32:24Z	2505.20128	ok	39.03	179081	
2026-04-21T03:32:42Z	2505.20282	ok	16.17	43637	
2026-04-21T03:33:07Z	2505.20285	ok	22.74	87195	
2026-04-21T03:33:27Z	2505.20289	ok	17.89	56888	
2026-04-21T03:33:56Z	2505.21493	ok	26.99	70645	
2026-04-21T03:34:16Z	2505.22019	ok	18.09	69923	
2026-04-21T03:34:37Z	2505.22501	ok	18.66	54922	
2026-04-21T03:35:01Z	2505.22617	ok	22.06	72388	
2026-04-21T03:35:22Z	2505.22648	ok	18.76	81182	
2026-04-21T03:35:40Z	2505.22660	ok	16.70	46178	
2026-04-21T03:36:21Z	2505.24332	ok	38.43	146057	
2026-04-21T03:36:49Z	2506.01391	ok	26.05	93871	
2026-04-21T03:37:11Z	2506.01716	ok	20.28	87359	
2026-04-21T03:37:36Z	2506.04185	ok	23.17	78301	
2026-04-21T03:38:03Z	2506.07528	ok	24.62	63519	
2026-04-21T03:38:26Z	2506.08007	ok	20.60	63554	
2026-04-21T03:38:57Z	2506.08011	ok	29.08	135027	
2026-04-21T03:39:14Z	2506.10408	ok	14.89	57594	
2026-04-21T03:39:43Z	2506.10947	ok	26.86	121380	
2026-04-21T03:40:07Z	2506.13651	ok	22.48	87883	
2026-04-21T03:40:37Z	2506.14205	ok	27.90	109786	
2026-04-21T03:41:05Z	2506.15841	ok	25.58	78540	
2026-04-21T03:41:43Z	2506.18096	ok	35.78	146280	
2026-04-21T03:42:05Z	2506.18254	ok	20.79	76601	
2026-04-21T03:42:52Z	2506.20670	ok	45.09	112756	
2026-04-21T03:43:27Z	2506.24119	ok	32.86	106737	
2026-04-21T03:43:48Z	2507.01679	ok	18.99	70939	
2026-04-21T03:44:09Z	2507.02259	ok	18.79	53069	
2026-04-21T03:44:30Z	2507.02592	ok	18.61	73700	
2026-04-21T03:44:49Z	2507.02962	ok	17.43	58269	
2026-04-21T03:45:35Z	2507.05197	ok	43.42	165696	
2026-04-21T03:46:00Z	2507.14295	ok	23.11	92403	
2026-04-21T03:46:21Z	2507.15061	ok	19.15	64921	
2026-04-21T03:46:44Z	2507.17365	ok	20.59	56807	
2026-04-21T03:47:13Z	2507.17849	ok	26.94	135892	
2026-04-21T03:47:28Z	2507.18071	ok	13.09	21133	
2026-04-21T03:48:02Z	2507.19849	ok	32.05	146046	
2026-04-21T03:48:20Z	2508.00360	ok	16.01	35272	
2026-04-21T03:48:43Z	2508.00414	ok	21.08	61257	
2026-04-21T03:49:08Z	2508.01005	ok	22.75	63869	
2026-04-21T03:49:31Z	2508.03682	ok	21.06	56704	
2026-04-21T03:49:52Z	2508.04280	ok	19.18	52841	
2026-04-21T03:50:17Z	2508.05004	ok	22.70	71292	
2026-04-21T03:50:39Z	2508.05498	ok	20.06	48089	
2026-04-21T03:51:20Z	2508.05668	ok	39.47	157259	
2026-04-21T03:51:45Z	2508.05748	ok	22.74	85707	
2026-04-21T03:52:30Z	2508.06165	ok	43.02	135581	
2026-04-21T03:52:57Z	2508.06600	ok	25.09	91981	
2026-04-21T03:53:30Z	2508.07976	ok	30.34	79400	
2026-04-21T03:53:53Z	2508.08636	ok	21.57	69333	
2026-04-21T03:54:49Z	2508.09123	ok	53.36	129118	
2026-04-21T03:55:15Z	2508.09303	ok	24.41	108203	
2026-04-21T03:56:10Z	2508.10874	ok	53.19	171287	
2026-04-21T03:56:31Z	2508.12800	ok	18.50	56064	
2026-04-21T03:56:33Z	2508.13009	skipped	0.00	57343	
2026-04-21T03:57:18Z	2508.13167	ok	43.44	153323	
2026-04-21T03:57:52Z	2508.13186	ok	31.27	97676	
2026-04-21T03:58:13Z	2508.14880	ok	19.57	48599	
2026-04-21T03:58:35Z	2508.15804	ok	19.80	56552	
2026-04-21T03:59:10Z	2508.16438	ok	32.67	89155	
2026-04-21T04:00:04Z	2508.20033	ok	52.31	151627	
2026-04-21T04:00:32Z	2508.20368	ok	25.81	93049	
2026-04-21T04:01:11Z	2508.21475	ok	37.42	116983	
2026-04-21T04:01:45Z	2509.01055	ok	31.15	109602	
2026-04-21T04:02:14Z	2509.02544	ok	27.34	102970	
2026-04-21T04:03:11Z	2509.02547	ok	54.76	451188	
2026-04-21T04:03:31Z	2509.06283	ok	18.42	52210	
2026-04-21T04:03:54Z	2509.06501	ok	20.50	62372	
2026-04-21T04:04:28Z	2509.06733	ok	31.98	156492	
2026-04-21T04:05:14Z	2509.08755	ok	44.43	148799	
2026-04-21T04:05:40Z	2509.10446	ok	23.96	65070	
2026-04-21T04:06:11Z	2509.13160	ok	28.81	106007	
2026-04-21T04:06:36Z	2509.13305	ok	22.80	86443	
2026-04-21T04:06:59Z	2509.13309	ok	20.59	63992	
2026-04-21T04:07:26Z	2509.13313	ok	25.89	106427	
2026-04-21T04:07:43Z	2509.18167	ok	14.83	24443	
2026-04-21T04:08:17Z	2509.21240	ok	31.34	113708	
2026-04-21T04:09:04Z	2509.24193	ok	44.81	157944	
2026-04-21T04:09:41Z	2510.05592	ok	35.01	144220	
2026-04-21T04:10:05Z	2510.10448	ok	22.02	58952	
2026-04-21T04:10:36Z	2510.13272	ok	29.33	96425	
2026-04-21T04:11:01Z	2510.13786	ok	23.41	87456	
2026-04-21T04:11:21Z	2510.14253	ok	17.99	44983	
2026-04-21T04:11:51Z	2510.14967	ok	27.69	89078	
2026-04-21T04:12:27Z	2510.16724	ok	33.82	180730	
2026-04-21T04:12:59Z	2510.18821	ok	29.70	135824	
2026-04-21T04:13:27Z	2510.20168	ok	26.21	91480	
2026-04-21T04:13:59Z	2510.20548	ok	29.71	91462	
2026-04-21T04:14:40Z	2510.23038	ok	39.63	221978	
2026-04-21T04:14:42Z	2510.27569	skipped	0.00	65703	
2026-04-21T04:15:04Z	2511.02805	ok	19.14	58179	
2026-04-21T04:15:43Z	2511.05271	ok	37.23	104550	
2026-04-21T04:16:19Z	2511.05385	ok	33.70	122106	
2026-04-21T04:16:45Z	2511.07327	ok	24.12	115789	
2026-04-21T04:17:17Z	2511.07943	ok	30.55	106269	
2026-04-21T04:17:39Z	2511.12159	ok	20.11	66554	
2026-04-21T04:17:58Z	2511.14460	ok	16.84	46000	
2026-04-21T04:18:24Z	2511.16043	ok	23.86	70491	
2026-04-21T04:18:48Z	2511.19900	ok	21.39	72090	
2026-04-21T04:19:10Z	2512.01311	ok	20.73	63313	
2026-04-21T04:19:52Z	2512.02038	ok	39.89	288035	
2026-04-21T04:19:54Z	2512.04220	skipped	0.00	92618	
2026-04-21T04:20:21Z	2512.04949	ok	24.40	92302	
2026-04-21T04:20:49Z	2512.09487	ok	26.29	70190	
2026-04-21T04:21:08Z	2512.18552	ok	17.42	90950	
2026-04-21T04:21:35Z	2512.24330	ok	24.63	81022	
2026-04-21T04:21:56Z	2601.03555	ok	18.73	65182	
2026-04-21T04:22:24Z	2601.04703	ok	26.12	138919	
2026-04-21T04:22:48Z	2601.04767	ok	21.92	93344	
2026-04-21T04:23:11Z	2601.04888	ok	20.90	89490	
2026-04-21T04:23:45Z	2601.05465	ok	31.85	102790	
2026-04-21T04:24:09Z	2601.06021	ok	21.70	58957	
2026-04-21T04:24:34Z	2601.06487	ok	22.96	105072	
2026-04-21T04:25:04Z	2601.06676	ok	28.60	66557	
2026-04-21T04:25:27Z	2601.06922	ok	20.97	76600	
2026-04-21T04:25:57Z	2601.06943	ok	27.42	47086	
2026-04-21T04:26:12Z	2601.07376	ok	13.06	20430	
2026-04-21T04:26:38Z	2601.08282	ok	23.86	94568	
2026-04-21T04:27:14Z	2601.08536	ok	34.92	153163	
2026-04-21T04:27:40Z	2601.09688	ok	23.75	88471	
2026-04-21T04:28:04Z	2601.10504	ok	21.99	87588	
2026-04-21T04:28:30Z	2601.11037	ok	24.01	76168	
2026-04-21T04:28:56Z	2601.11888	ok	23.25	85579	
2026-04-21T04:29:32Z	2601.12346	ok	33.98	84934	
