[start] 2026-04-21T02:43:32Z pdfs=291 force=False
[1/291] 2305.20050 status=ok t=21.3s md_kb=52.7 err=
[2/291] 2311.12983 status=ok t=24.4s md_kb=86.7 err=
[3/291] 2312.08935 status=ok t=18.9s md_kb=50.1 err=
[4/291] 2312.09187 status=ok t=16.4s md_kb=30.8 err=
[5/291] 2402.03681 status=ok t=20.0s md_kb=62.5 err=
[6/291] 2402.04764 status=ok t=19.5s md_kb=75.3 err=
[7/291] 2402.05808 status=ok t=23.5s md_kb=74.4 err=
[8/291] 2402.12348 status=ok t=31.5s md_kb=97.5 err=
[9/291] 2403.07718 status=ok t=24.6s md_kb=76.9 err=
[10/291] 2403.11807 status=ok t=55.8s md_kb=163.4 err=
[progress 10/291] elapsed=4.6m rate=2.19/min eta=128m
[11/291] 2403.13787 status=ok t=74.5s md_kb=188.0 err=
[12/291] 2404.03648 status=ok t=25.4s md_kb=64.2 err=
[13/291] 2404.07972 status=ok t=53.3s md_kb=175.7 err=
[14/291] 2405.03379 status=ok t=21.4s md_kb=76.0 err=
[15/291] 2406.06485 status=ok t=18.5s md_kb=46.3 err=
[16/291] 2406.06613 status=ok t=22.1s md_kb=69.8 err=
[17/291] 2406.12045 status=ok t=20.9s md_kb=129.1 err=
[18/291] 2408.07199 status=ok t=15.5s md_kb=69.0 err=
[19/291] 2408.15240 status=ok t=17.7s md_kb=90.9 err=
[20/291] 2409.19256 status=ok t=19.1s md_kb=105.6 err=
[progress 20/291] elapsed=9.7m rate=2.06/min eta=132m
[21/291] 2410.08821 status=ok t=37.9s md_kb=127.3 err=
[22/291] 2410.12832 status=ok t=16.9s md_kb=66.5 err=
[23/291] 2411.02337 status=ok t=23.4s md_kb=90.8 err=
[24/291] 2411.13543 status=ok t=25.2s md_kb=102.5 err=
[25/291] 2411.17451 status=ok t=15.7s md_kb=57.5 err=
[26/291] 2412.06394 status=ok t=23.7s md_kb=113.0 err=
[27/291] 2412.06559 status=ok t=26.2s md_kb=86.8 err=
[28/291] 2412.14161 status=ok t=23.8s md_kb=91.5 err=
[29/291] 2412.19723 status=ok t=21.4s md_kb=79.7 err=
[30/291] 2501.03124 status=ok t=67.2s md_kb=322.8 err=
[progress 30/291] elapsed=14.7m rate=2.04/min eta=128m
[31/291] 2501.07301 status=ok t=41.5s md_kb=120.9 err=
[32/291] 2501.09136 status=ok t=30.0s md_kb=124.7 err=
[33/291] 2501.12599 status=ok t=19.5s md_kb=89.8 err=
[34/291] 2501.12948 status=ok t=46.8s md_kb=239.1 err=
[35/291] 2501.15228 status=ok t=21.2s md_kb=87.5 err=
[36/291] 2501.16664 status=ok t=14.3s md_kb=39.0 err=
[37/291] 2502.01142 status=ok t=23.2s md_kb=67.8 err=
[38/291] 2502.04644 status=ok t=19.1s md_kb=58.5 err=
[39/291] 2502.11886 status=ok t=13.5s md_kb=22.5 err=
[40/291] 2502.13957 status=ok t=22.0s md_kb=89.9 err=
[progress 40/291] elapsed=19.2m rate=2.08/min eta=121m
[41/291] 2502.15760 status=ok t=37.8s md_kb=75.9 err=
[42/291] 2503.00223 status=ok t=33.4s md_kb=147.3 err=
[43/291] 2503.02682 status=ok t=20.7s md_kb=69.3 err=
[44/291] 2503.05592 status=ok t=20.8s md_kb=61.0 err=
[45/291] 2503.06580 status=ok t=17.9s md_kb=61.5 err=
[46/291] 2503.09516 status=ok t=24.8s md_kb=105.3 err=
[47/291] 2503.14476 status=ok t=14.2s md_kb=38.0 err=
[48/291] 2503.19470 status=ok t=15.2s md_kb=44.7 err=
[49/291] 2503.21620 status=ok t=25.5s md_kb=66.0 err=
[50/291] 2503.22828 status=ok t=27.5s md_kb=132.7 err=
[progress 50/291] elapsed=23.5m rate=2.12/min eta=113m
[51/291] 2503.23383 status=ok t=14.5s md_kb=32.4 err=
[52/291] 2503.24290 status=ok t=16.4s md_kb=54.0 err=
[53/291] 2504.02495 status=ok t=101.4s md_kb=214.6 err=
[54/291] 2504.03160 status=ok t=17.4s md_kb=57.7 err=
[55/291] 2504.04736 status=ok t=26.4s md_kb=144.9 err=
[56/291] 2504.05118 status=ok t=14.5s md_kb=37.9 err=
[57/291] 2504.05812 status=ok t=27.1s md_kb=65.8 err=
[58/291] 2504.10458 status=ok t=20.7s md_kb=55.0 err=
[59/291] 2504.11001 status=ok t=13.2s md_kb=46.7 err=
[60/291] 2504.11343 status=ok t=14.3s md_kb=41.5 err=
[progress 60/291] elapsed=28.3m rate=2.12/min eta=109m
[61/291] 2504.11536 status=ok t=14.6s md_kb=54.2 err=
[62/291] 2504.12516 status=skipped t=0.0s md_kb=29.0 err=
[63/291] 2504.13958 status=ok t=30.4s md_kb=87.7 err=
[64/291] 2504.14239 status=ok t=23.6s md_kb=67.6 err=
[65/291] 2504.14870 status=ok t=28.0s md_kb=64.3 err=
[66/291] 2504.15909 status=ok t=31.5s md_kb=181.4 err=
[67/291] 2504.16084 status=ok t=19.7s md_kb=65.4 err=
[68/291] 2504.16656 status=ok t=17.6s md_kb=51.7 err=
[69/291] 2504.17282 status=ok t=17.8s md_kb=62.3 err=
[70/291] 2504.19314 status=ok t=14.9s md_kb=45.6 err=
[progress 70/291] elapsed=31.9m rate=2.19/min eta=101m
[71/291] 2504.20073 status=ok t=19.9s md_kb=95.9 err=
[72/291] 2504.21776 status=ok t=28.0s md_kb=164.6 err=
[73/291] 2505.01441 status=ok t=20.5s md_kb=129.7 err=
[74/291] 2505.03335 status=ok t=34.8s md_kb=203.0 err=
[75/291] 2505.04588 status=ok t=21.3s md_kb=69.4 err=
[76/291] 2505.07596 status=ok t=23.4s md_kb=91.1 err=
[77/291] 2505.07773 status=ok t=19.4s md_kb=46.1 err=
[78/291] 2505.09558 status=ok t=21.5s md_kb=81.2 err=
[79/291] 2505.10527 status=ok t=52.4s md_kb=130.6 err=
[80/291] 2505.10978 status=ok t=22.9s md_kb=82.9 err=
[progress 80/291] elapsed=36.7m rate=2.18/min eta=97m
[81/291] 2505.11277 status=ok t=22.8s md_kb=79.0 err=
[82/291] 2505.11821 status=ok t=19.4s md_kb=85.5 err=
[83/291] 2505.13886 status=ok t=56.8s md_kb=234.5 err=
[84/291] 2505.14069 status=ok t=20.4s md_kb=73.2 err=
[85/291] 2505.14146 status=ok t=25.9s md_kb=100.2 err=
[86/291] 2505.14246 status=ok t=24.0s md_kb=66.4 err=
[87/291] 2505.14362 status=ok t=28.2s md_kb=69.5 err=
[88/291] 2505.15107 status=ok t=23.6s md_kb=65.8 err=
[89/291] 2505.15776 status=ok t=31.4s md_kb=76.9 err=
[90/291] 2505.16282 status=ok t=17.3s md_kb=36.0 err=
[progress 90/291] elapsed=41.5m rate=2.17/min eta=93m
[91/291] 2505.16410 status=ok t=26.8s md_kb=144.0 err=
[92/291] 2505.16582 status=ok t=23.0s md_kb=87.0 err=
[93/291] 2505.16834 status=ok t=21.2s md_kb=60.9 err=
[94/291] 2505.16984 status=ok t=35.4s md_kb=73.1 err=
[95/291] 2505.17005 status=ok t=19.5s md_kb=55.4 err=
[96/291] 2505.17016 status=ok t=18.0s md_kb=55.9 err=
[97/291] 2505.17086 status=ok t=23.0s md_kb=97.1 err=
[98/291] 2505.17281 status=ok t=17.1s md_kb=51.2 err=
[99/291] 2505.18719 status=ok t=16.6s md_kb=53.4 err=
[100/291] 2505.19253 status=ok t=25.5s md_kb=105.0 err=
[progress 100/291] elapsed=45.6m rate=2.19/min eta=87m
[101/291] 2505.19590 status=ok t=24.3s md_kb=97.3 err=
[102/291] 2505.19641 status=ok t=18.8s md_kb=52.8 err=
[103/291] 2505.19789 status=ok t=28.1s md_kb=74.6 err=
[104/291] 2505.19897 status=ok t=39.2s md_kb=107.2 err=
[105/291] 2505.19914 status=ok t=34.4s md_kb=131.4 err=
[106/291] 2505.20128 status=ok t=39.1s md_kb=174.9 err=
[107/291] 2505.20282 status=ok t=16.2s md_kb=42.6 err=
[108/291] 2505.20285 status=ok t=22.8s md_kb=85.2 err=
[109/291] 2505.20289 status=ok t=17.9s md_kb=55.6 err=
[110/291] 2505.21493 status=ok t=27.0s md_kb=69.0 err=
[progress 110/291] elapsed=50.4m rate=2.18/min eta=83m
[111/291] 2505.22019 status=ok t=18.1s md_kb=68.3 err=
[112/291] 2505.22501 status=ok t=18.7s md_kb=53.6 err=
[113/291] 2505.22617 status=ok t=22.1s md_kb=70.7 err=
[114/291] 2505.22648 status=ok t=18.8s md_kb=79.3 err=
[115/291] 2505.22660 status=ok t=16.7s md_kb=45.1 err=
[116/291] 2505.24332 status=ok t=38.5s md_kb=142.6 err=
[117/291] 2506.01391 status=ok t=26.1s md_kb=91.7 err=
[118/291] 2506.01716 status=ok t=20.3s md_kb=85.3 err=
[119/291] 2506.04185 status=ok t=23.2s md_kb=76.5 err=
[120/291] 2506.07528 status=ok t=24.6s md_kb=62.0 err=
[progress 120/291] elapsed=54.5m rate=2.20/min eta=78m
[121/291] 2506.08007 status=ok t=20.6s md_kb=62.1 err=
[122/291] 2506.08011 status=ok t=29.1s md_kb=131.9 err=
[123/291] 2506.10408 status=ok t=14.9s md_kb=56.2 err=
[124/291] 2506.10947 status=ok t=26.9s md_kb=118.5 err=
[125/291] 2506.13651 status=ok t=22.5s md_kb=85.8 err=
[126/291] 2506.14205 status=ok t=27.9s md_kb=107.2 err=
[127/291] 2506.15841 status=ok t=25.6s md_kb=76.7 err=
[128/291] 2506.18096 status=ok t=35.8s md_kb=142.9 err=
[129/291] 2506.18254 status=ok t=20.8s md_kb=74.8 err=
[130/291] 2506.20670 status=ok t=45.1s md_kb=110.1 err=
[progress 130/291] elapsed=59.3m rate=2.19/min eta=73m
[131/291] 2506.24119 status=ok t=32.9s md_kb=104.2 err=
[132/291] 2507.01679 status=ok t=19.0s md_kb=69.3 err=
[133/291] 2507.02259 status=ok t=18.8s md_kb=51.8 err=
[134/291] 2507.02592 status=ok t=18.6s md_kb=72.0 err=
[135/291] 2507.02962 status=ok t=17.5s md_kb=56.9 err=
[136/291] 2507.05197 status=ok t=43.5s md_kb=161.8 err=
[137/291] 2507.14295 status=ok t=23.1s md_kb=90.2 err=
[138/291] 2507.15061 status=ok t=19.2s md_kb=63.4 err=
[139/291] 2507.17365 status=ok t=20.6s md_kb=55.5 err=
[140/291] 2507.17849 status=ok t=27.0s md_kb=132.7 err=
[progress 140/291] elapsed=63.7m rate=2.20/min eta=69m
[141/291] 2507.18071 status=ok t=13.1s md_kb=20.6 err=
[142/291] 2507.19849 status=ok t=32.1s md_kb=142.6 err=
[143/291] 2508.00360 status=ok t=16.0s md_kb=34.4 err=
[144/291] 2508.00414 status=ok t=21.1s md_kb=59.8 err=
[145/291] 2508.01005 status=ok t=22.8s md_kb=62.4 err=
[146/291] 2508.03682 status=ok t=21.1s md_kb=55.4 err=
[147/291] 2508.04280 status=ok t=19.2s md_kb=51.6 err=
[148/291] 2508.05004 status=ok t=22.7s md_kb=69.6 err=
[149/291] 2508.05498 status=ok t=20.1s md_kb=47.0 err=
[150/291] 2508.05668 status=ok t=39.5s md_kb=153.6 err=
[progress 150/291] elapsed=67.8m rate=2.21/min eta=64m
[151/291] 2508.05748 status=ok t=22.8s md_kb=83.7 err=
[152/291] 2508.06165 status=ok t=43.0s md_kb=132.4 err=
[153/291] 2508.06600 status=ok t=25.1s md_kb=89.8 err=
[154/291] 2508.07976 status=ok t=30.4s md_kb=77.5 err=
[155/291] 2508.08636 status=ok t=21.6s md_kb=67.7 err=
[156/291] 2508.09123 status=ok t=53.4s md_kb=126.1 err=
[157/291] 2508.09303 status=ok t=24.4s md_kb=105.7 err=
[158/291] 2508.10874 status=ok t=53.2s md_kb=167.3 err=
[159/291] 2508.12800 status=ok t=18.5s md_kb=54.8 err=
[160/291] 2508.13009 status=skipped t=0.0s md_kb=56.0 err=
[progress 160/291] elapsed=73.0m rate=2.19/min eta=60m
[161/291] 2508.13167 status=ok t=43.5s md_kb=149.7 err=
[162/291] 2508.13186 status=ok t=31.3s md_kb=95.4 err=
[163/291] 2508.14880 status=ok t=19.6s md_kb=47.5 err=
[164/291] 2508.15804 status=ok t=19.8s md_kb=55.2 err=
[165/291] 2508.16438 status=ok t=32.7s md_kb=87.1 err=
[166/291] 2508.20033 status=ok t=52.3s md_kb=148.1 err=
[167/291] 2508.20368 status=ok t=25.8s md_kb=90.9 err=
[168/291] 2508.21475 status=ok t=37.5s md_kb=114.2 err=
[169/291] 2509.01055 status=ok t=31.2s md_kb=107.0 err=
[170/291] 2509.02544 status=ok t=27.4s md_kb=100.6 err=
[progress 170/291] elapsed=78.7m rate=2.16/min eta=56m
[171/291] 2509.02547 status=ok t=54.8s md_kb=440.6 err=
[172/291] 2509.06283 status=ok t=18.5s md_kb=51.0 err=
[173/291] 2509.06501 status=ok t=20.5s md_kb=60.9 err=
[174/291] 2509.06733 status=ok t=32.0s md_kb=152.8 err=
[175/291] 2509.08755 status=ok t=44.5s md_kb=145.3 err=
[176/291] 2509.10446 status=ok t=24.0s md_kb=63.5 err=
[177/291] 2509.13160 status=ok t=28.8s md_kb=103.5 err=
[178/291] 2509.13305 status=ok t=22.8s md_kb=84.4 err=
[179/291] 2509.13309 status=ok t=20.6s md_kb=62.5 err=
[180/291] 2509.13313 status=ok t=25.9s md_kb=103.9 err=
[progress 180/291] elapsed=83.9m rate=2.15/min eta=52m
[181/291] 2509.18167 status=ok t=14.9s md_kb=23.9 err=
[182/291] 2509.21240 status=ok t=31.4s md_kb=111.0 err=
[183/291] 2509.24193 status=ok t=44.8s md_kb=154.2 err=
[184/291] 2510.05592 status=ok t=35.0s md_kb=140.8 err=
[185/291] 2510.10448 status=ok t=22.0s md_kb=57.6 err=
[186/291] 2510.13272 status=ok t=29.4s md_kb=94.2 err=
[187/291] 2510.13786 status=ok t=23.4s md_kb=85.4 err=
[188/291] 2510.14253 status=ok t=18.0s md_kb=43.9 err=
[189/291] 2510.14967 status=ok t=27.7s md_kb=87.0 err=
[190/291] 2510.16724 status=ok t=33.8s md_kb=176.5 err=
[progress 190/291] elapsed=88.9m rate=2.14/min eta=47m
[191/291] 2510.18821 status=ok t=29.7s md_kb=132.6 err=
[192/291] 2510.20168 status=ok t=26.2s md_kb=89.3 err=
[193/291] 2510.20548 status=ok t=29.7s md_kb=89.3 err=
[194/291] 2510.23038 status=ok t=39.7s md_kb=216.8 err=
[195/291] 2510.27569 status=skipped t=0.0s md_kb=64.2 err=
[196/291] 2511.02805 status=ok t=19.2s md_kb=56.8 err=
[197/291] 2511.05271 status=ok t=37.3s md_kb=102.1 err=
[198/291] 2511.05385 status=ok t=33.7s md_kb=119.2 err=
[199/291] 2511.07327 status=ok t=24.1s md_kb=113.1 err=
[200/291] 2511.07943 status=ok t=30.6s md_kb=103.8 err=
[progress 200/291] elapsed=93.8m rate=2.13/min eta=43m
[201/291] 2511.12159 status=ok t=20.1s md_kb=65.0 err=
[202/291] 2511.14460 status=ok t=16.9s md_kb=44.9 err=
[203/291] 2511.16043 status=ok t=23.9s md_kb=68.8 err=
[204/291] 2511.19900 status=ok t=21.4s md_kb=70.4 err=
[205/291] 2512.01311 status=ok t=20.8s md_kb=61.8 err=
[206/291] 2512.02038 status=ok t=39.9s md_kb=281.3 err=
[207/291] 2512.04220 status=skipped t=0.0s md_kb=90.4 err=
[208/291] 2512.04949 status=ok t=24.4s md_kb=90.1 err=
[209/291] 2512.09487 status=ok t=26.3s md_kb=68.5 err=
[210/291] 2512.18552 status=ok t=17.5s md_kb=88.8 err=
[progress 210/291] elapsed=97.6m rate=2.15/min eta=38m
[211/291] 2512.24330 status=ok t=24.7s md_kb=79.1 err=
[212/291] 2601.03555 status=ok t=18.8s md_kb=63.7 err=
[213/291] 2601.04703 status=ok t=26.1s md_kb=135.7 err=
[214/291] 2601.04767 status=ok t=21.9s md_kb=91.2 err=
[215/291] 2601.04888 status=ok t=20.9s md_kb=87.4 err=
[216/291] 2601.05465 status=ok t=31.9s md_kb=100.4 err=
[217/291] 2601.06021 status=ok t=21.7s md_kb=57.6 err=
[218/291] 2601.06487 status=ok t=23.0s md_kb=102.6 err=
[219/291] 2601.06676 status=ok t=28.6s md_kb=65.0 err=
[220/291] 2601.06922 status=ok t=21.0s md_kb=74.8 err=
[progress 220/291] elapsed=101.9m rate=2.16/min eta=33m
[221/291] 2601.06943 status=ok t=27.4s md_kb=46.0 err=
[222/291] 2601.07376 status=ok t=13.1s md_kb=20.0 err=
[223/291] 2601.08282 status=ok t=23.9s md_kb=92.4 err=
[224/291] 2601.08536 status=ok t=34.9s md_kb=149.6 err=
[225/291] 2601.09688 status=ok t=23.8s md_kb=86.4 err=
[226/291] 2601.10504 status=ok t=22.0s md_kb=85.5 err=
[227/291] 2601.11037 status=ok t=24.0s md_kb=74.4 err=
[228/291] 2601.11888 status=ok t=23.3s md_kb=83.6 err=
[229/291] 2601.12346 status=ok t=34.0s md_kb=82.9 err=
[230/291] 2601.12538 status=ok t=58.4s md_kb=476.0 err=
[progress 230/291] elapsed=107.0m rate=2.15/min eta=28m
[231/291] 2601.13115 status=ok t=21.5s md_kb=67.7 err=
[232/291] 2601.14615 status=ok t=34.5s md_kb=133.7 err=
[233/291] 2601.17617 status=ok t=21.8s md_kb=65.9 err=
[234/291] 2601.18467 status=ok t=22.0s md_kb=72.0 err=
[235/291] 2601.20439 status=ok t=15.6s md_kb=34.6 err=
[236/291] 2601.20975 status=ok t=19.8s md_kb=59.0 err=
[237/291] 2601.21208 status=ok t=24.4s md_kb=68.6 err=
[238/291] 2601.21654 status=ok t=29.1s md_kb=80.4 err=
[239/291] 2601.21912 status=skipped t=0.0s md_kb=60.9 err=
[240/291] 2602.00994 status=ok t=25.3s md_kb=71.5 err=
[progress 240/291] elapsed=110.9m rate=2.16/min eta=24m
[241/291] 2602.01590 status=ok t=24.2s md_kb=69.3 err=
[242/291] 2602.02185 status=ok t=30.4s md_kb=49.9 err=
[243/291] 2602.03304 status=ok t=20.8s md_kb=66.7 err=
[244/291] 2602.03468 status=ok t=31.0s md_kb=96.8 err=
[245/291] 2602.03647 status=ok t=29.2s md_kb=85.4 err=
[246/291] 2602.03719 status=ok t=25.8s md_kb=105.2 err=
[247/291] 2602.04284 status=ok t=24.6s md_kb=78.6 err=
[248/291] 2602.04634 status=ok t=21.1s md_kb=74.5 err=
[249/291] 2602.05975 status=ok t=22.1s md_kb=67.2 err=
[250/291] 2602.07359 status=ok t=14.9s md_kb=33.3 err=
[progress 250/291] elapsed=115.3m rate=2.17/min eta=19m
[251/291] 2602.08234 status=ok t=25.9s md_kb=89.6 err=
[252/291] 2602.11551 status=ok t=29.6s md_kb=73.0 err=
[253/291] 2602.11685 status=ok t=33.0s md_kb=116.8 err=
[254/291] 2602.11858 status=ok t=30.5s md_kb=123.7 err=
[255/291] 2602.14234 status=ok t=47.6s md_kb=98.4 err=
[256/291] 2602.18940 status=ok t=38.2s md_kb=114.5 err=
[257/291] 2602.19526 status=ok t=25.7s md_kb=67.1 err=
[258/291] 2602.21456 status=ok t=24.6s md_kb=79.3 err=
[259/291] 2602.21534 status=ok t=33.4s md_kb=110.9 err=
[260/291] 2602.22576 status=ok t=27.9s md_kb=59.3 err=
[progress 260/291] elapsed=120.9m rate=2.15/min eta=14m
[261/291] 2602.22675 status=ok t=23.2s md_kb=96.3 err=
[262/291] 2602.22897 status=ok t=29.9s md_kb=110.3 err=
[263/291] 2602.23166 status=ok t=29.1s md_kb=77.4 err=
[264/291] 2603.01050 status=ok t=22.4s md_kb=73.3 err=
[265/291] 2603.01152 status=ok t=15.1s md_kb=50.6 err=
[266/291] 2603.01464 status=ok t=19.4s md_kb=35.0 err=
[267/291] 2603.02795 status=ok t=20.0s md_kb=80.9 err=
[268/291] 2603.03293 status=ok t=21.8s md_kb=55.1 err=
[269/291] 2603.04751 status=ok t=26.5s md_kb=98.7 err=
[270/291] 2603.05218 status=ok t=82.2s md_kb=397.5 err=
[progress 270/291] elapsed=126.1m rate=2.14/min eta=10m
[271/291] 2603.05912 status=ok t=28.0s md_kb=135.1 err=
[272/291] 2603.07379 status=ok t=35.2s md_kb=134.1 err=
[273/291] 2603.07853 status=ok t=21.4s md_kb=89.1 err=
[274/291] 2603.09203 status=ok t=18.2s md_kb=50.3 err=
[275/291] 2603.10069 status=ok t=22.9s md_kb=58.7 err=
[276/291] 2603.11327 status=ok t=21.4s md_kb=90.0 err=
[277/291] 2603.13853 status=ok t=19.6s md_kb=60.4 err=
[278/291] 2603.14468 status=ok t=22.8s md_kb=68.9 err=
[279/291] 2603.16289 status=ok t=26.2s md_kb=70.9 err=
[280/291] 2603.18516 status=ok t=21.4s md_kb=64.3 err=
[progress 280/291] elapsed=130.4m rate=2.15/min eta=5m
[281/291] 2603.28361 status=ok t=27.1s md_kb=170.5 err=
[282/291] 2603.28407 status=ok t=38.6s md_kb=143.6 err=
[283/291] 2604.01195 status=ok t=41.8s md_kb=143.7 err=
[284/291] 2604.03675 status=ok t=19.1s md_kb=42.3 err=
[285/291] 2604.04949 status=ok t=20.1s md_kb=68.6 err=
[286/291] 2604.08124 status=ok t=24.2s md_kb=68.9 err=
[287/291] 2604.11307 status=ok t=30.1s md_kb=84.9 err=
[288/291] 2604.12967 status=ok t=23.5s md_kb=69.4 err=
[289/291] 2604.14267 status=ok t=28.6s md_kb=80.9 err=
[290/291] 2604.14683 status=ok t=31.7s md_kb=119.1 err=
[progress 290/291] elapsed=135.4m rate=2.14/min eta=0m
[291/291] 2604.15148 status=ok t=30.9s md_kb=87.6 err=
[done] 2026-04-21T04:59:31Z elapsed=136.0m processed=291
